{"/home/michael/Documents/algorithms/data_structures/linkedlist.js": {"path":"/home/michael/Documents/algorithms/data_structures/linkedlist.js","statementMap":{"0":{"start":{"line":3,"column":8},"end":{"line":5,"column":9}},"1":{"start":{"line":4,"column":12},"end":{"line":4,"column":45}},"2":{"start":{"line":6,"column":8},"end":{"line":6,"column":27}},"3":{"start":{"line":7,"column":8},"end":{"line":7,"column":33}},"4":{"start":{"line":13,"column":8},"end":{"line":13,"column":25}},"5":{"start":{"line":14,"column":8},"end":{"line":14,"column":25}},"6":{"start":{"line":15,"column":8},"end":{"line":15,"column":22}},"7":{"start":{"line":24,"column":22},"end":{"line":24,"column":43}},"8":{"start":{"line":25,"column":8},"end":{"line":31,"column":9}},"9":{"start":{"line":26,"column":12},"end":{"line":26,"column":32}},"10":{"start":{"line":27,"column":12},"end":{"line":27,"column":34}},"11":{"start":{"line":29,"column":12},"end":{"line":29,"column":41}},"12":{"start":{"line":30,"column":12},"end":{"line":30,"column":32}},"13":{"start":{"line":32,"column":8},"end":{"line":32,"column":20}},"14":{"start":{"line":40,"column":22},"end":{"line":40,"column":48}},"15":{"start":{"line":41,"column":8},"end":{"line":41,"column":28}},"16":{"start":{"line":50,"column":8},"end":{"line":50,"column":25}},"17":{"start":{"line":58,"column":8},"end":{"line":58,"column":25}},"18":{"start":{"line":66,"column":8},"end":{"line":66,"column":25}},"19":{"start":{"line":75,"column":8},"end":{"line":76,"column":59}},"20":{"start":{"line":76,"column":8},"end":{"line":76,"column":59}},"21":{"start":{"line":77,"column":19},"end":{"line":77,"column":28}},"22":{"start":{"line":78,"column":8},"end":{"line":81,"column":9}},"23":{"start":{"line":79,"column":12},"end":{"line":79,"column":33}},"24":{"start":{"line":80,"column":12},"end":{"line":80,"column":20}},"25":{"start":{"line":82,"column":8},"end":{"line":82,"column":20}},"26":{"start":{"line":89,"column":19},"end":{"line":89,"column":28}},"27":{"start":{"line":90,"column":8},"end":{"line":95,"column":9}},"28":{"start":{"line":91,"column":12},"end":{"line":91,"column":24}},"29":{"start":{"line":92,"column":15},"end":{"line":95,"column":9}},"30":{"start":{"line":93,"column":12},"end":{"line":93,"column":41}},"31":{"start":{"line":94,"column":12},"end":{"line":94,"column":24}},"32":{"start":{"line":96,"column":8},"end":{"line":106,"column":9}},"33":{"start":{"line":97,"column":12},"end":{"line":97,"column":30}},"34":{"start":{"line":98,"column":12},"end":{"line":104,"column":13}},"35":{"start":{"line":99,"column":27},"end":{"line":99,"column":36}},"36":{"start":{"line":100,"column":16},"end":{"line":100,"column":33}},"37":{"start":{"line":101,"column":16},"end":{"line":101,"column":37}},"38":{"start":{"line":102,"column":16},"end":{"line":102,"column":33}},"39":{"start":{"line":103,"column":16},"end":{"line":103,"column":28}},"40":{"start":{"line":105,"column":12},"end":{"line":105,"column":33}},"41":{"start":{"line":107,"column":8},"end":{"line":107,"column":20}},"42":{"start":{"line":117,"column":19},"end":{"line":117,"column":28}},"43":{"start":{"line":118,"column":8},"end":{"line":121,"column":9}},"44":{"start":{"line":119,"column":12},"end":{"line":119,"column":49}},"45":{"start":{"line":119,"column":37},"end":{"line":119,"column":49}},"46":{"start":{"line":120,"column":12},"end":{"line":120,"column":33}},"47":{"start":{"line":122,"column":8},"end":{"line":122,"column":21}},"48":{"start":{"line":130,"column":19},"end":{"line":130,"column":28}},"49":{"start":{"line":131,"column":16},"end":{"line":131,"column":17}},"50":{"start":{"line":132,"column":8},"end":{"line":136,"column":9}},"51":{"start":{"line":133,"column":12},"end":{"line":133,"column":46}},"52":{"start":{"line":133,"column":37},"end":{"line":133,"column":46}},"53":{"start":{"line":134,"column":12},"end":{"line":134,"column":16}},"54":{"start":{"line":135,"column":12},"end":{"line":135,"column":33}},"55":{"start":{"line":137,"column":8},"end":{"line":137,"column":20}},"56":{"start":{"line":145,"column":19},"end":{"line":145,"column":28}},"57":{"start":{"line":146,"column":21},"end":{"line":146,"column":23}},"58":{"start":{"line":147,"column":8},"end":{"line":151,"column":9}},"59":{"start":{"line":149,"column":12},"end":{"line":149,"column":50}},"60":{"start":{"line":150,"column":12},"end":{"line":150,"column":33}},"61":{"start":{"line":152,"column":8},"end":{"line":152,"column":26}},"62":{"start":{"line":153,"column":8},"end":{"line":153,"column":24}},"63":{"start":{"line":154,"column":8},"end":{"line":154,"column":22}},"64":{"start":{"line":160,"column":11},"end":{"line":160,"column":27}},"65":{"start":{"line":161,"column":0},"end":{"line":161,"column":18}},"66":{"start":{"line":162,"column":0},"end":{"line":162,"column":17}},"67":{"start":{"line":163,"column":0},"end":{"line":163,"column":29}},"68":{"start":{"line":164,"column":0},"end":{"line":164,"column":30}}},"fnMap":{"0":{"name":"(anonymous_0)","decl":{"start":{"line":2,"column":4},"end":{"line":2,"column":5}},"loc":{"start":{"line":2,"column":33},"end":{"line":8,"column":5}},"line":2},"1":{"name":"(anonymous_1)","decl":{"start":{"line":12,"column":4},"end":{"line":12,"column":5}},"loc":{"start":{"line":12,"column":18},"end":{"line":17,"column":5}},"line":12},"2":{"name":"(anonymous_2)","decl":{"start":{"line":23,"column":4},"end":{"line":23,"column":5}},"loc":{"start":{"line":23,"column":18},"end":{"line":33,"column":5}},"line":23},"3":{"name":"(anonymous_3)","decl":{"start":{"line":39,"column":4},"end":{"line":39,"column":5}},"loc":{"start":{"line":39,"column":19},"end":{"line":42,"column":5}},"line":39},"4":{"name":"(anonymous_4)","decl":{"start":{"line":49,"column":4},"end":{"line":49,"column":5}},"loc":{"start":{"line":49,"column":14},"end":{"line":51,"column":5}},"line":49},"5":{"name":"(anonymous_5)","decl":{"start":{"line":57,"column":4},"end":{"line":57,"column":5}},"loc":{"start":{"line":57,"column":14},"end":{"line":59,"column":5}},"line":57},"6":{"name":"(anonymous_6)","decl":{"start":{"line":65,"column":4},"end":{"line":65,"column":5}},"loc":{"start":{"line":65,"column":14},"end":{"line":67,"column":5}},"line":65},"7":{"name":"(anonymous_7)","decl":{"start":{"line":74,"column":4},"end":{"line":74,"column":5}},"loc":{"start":{"line":74,"column":14},"end":{"line":83,"column":5}},"line":74},"8":{"name":"(anonymous_8)","decl":{"start":{"line":88,"column":4},"end":{"line":88,"column":5}},"loc":{"start":{"line":88,"column":10},"end":{"line":108,"column":5}},"line":88},"9":{"name":"(anonymous_9)","decl":{"start":{"line":116,"column":4},"end":{"line":116,"column":5}},"loc":{"start":{"line":116,"column":20},"end":{"line":123,"column":5}},"line":116},"10":{"name":"(anonymous_10)","decl":{"start":{"line":129,"column":4},"end":{"line":129,"column":5}},"loc":{"start":{"line":129,"column":16},"end":{"line":138,"column":5}},"line":129},"11":{"name":"(anonymous_11)","decl":{"start":{"line":144,"column":4},"end":{"line":144,"column":5}},"loc":{"start":{"line":144,"column":15},"end":{"line":155,"column":5}},"line":144}},"branchMap":{"0":{"loc":{"start":{"line":3,"column":8},"end":{"line":5,"column":9}},"type":"if","locations":[{"start":{"line":3,"column":8},"end":{"line":5,"column":9}},{"start":{},"end":{}}],"line":3},"1":{"loc":{"start":{"line":25,"column":8},"end":{"line":31,"column":9}},"type":"if","locations":[{"start":{"line":25,"column":8},"end":{"line":31,"column":9}},{"start":{"line":28,"column":15},"end":{"line":31,"column":9}}],"line":25},"2":{"loc":{"start":{"line":75,"column":8},"end":{"line":76,"column":59}},"type":"if","locations":[{"start":{"line":75,"column":8},"end":{"line":76,"column":59}},{"start":{},"end":{}}],"line":75},"3":{"loc":{"start":{"line":78,"column":14},"end":{"line":78,"column":39}},"type":"binary-expr","locations":[{"start":{"line":78,"column":14},"end":{"line":78,"column":26}},{"start":{"line":78,"column":30},"end":{"line":78,"column":39}}],"line":78},"4":{"loc":{"start":{"line":90,"column":8},"end":{"line":95,"column":9}},"type":"if","locations":[{"start":{"line":90,"column":8},"end":{"line":95,"column":9}},{"start":{"line":92,"column":15},"end":{"line":95,"column":9}}],"line":90},"5":{"loc":{"start":{"line":92,"column":15},"end":{"line":95,"column":9}},"type":"if","locations":[{"start":{"line":92,"column":15},"end":{"line":95,"column":9}},{"start":{},"end":{}}],"line":92},"6":{"loc":{"start":{"line":98,"column":12},"end":{"line":104,"column":13}},"type":"if","locations":[{"start":{"line":98,"column":12},"end":{"line":104,"column":13}},{"start":{},"end":{}}],"line":98},"7":{"loc":{"start":{"line":119,"column":12},"end":{"line":119,"column":49}},"type":"if","locations":[{"start":{"line":119,"column":12},"end":{"line":119,"column":49}},{"start":{},"end":{}}],"line":119},"8":{"loc":{"start":{"line":133,"column":12},"end":{"line":133,"column":46}},"type":"if","locations":[{"start":{"line":133,"column":12},"end":{"line":133,"column":46}},{"start":{},"end":{}}],"line":133}},"s":{"0":51,"1":0,"2":51,"3":51,"4":30,"5":30,"6":30,"7":44,"8":44,"9":21,"10":21,"11":23,"12":23,"13":44,"14":7,"15":7,"16":3,"17":3,"18":3,"19":3,"20":0,"21":3,"22":3,"23":1,"24":1,"25":3,"26":7,"27":7,"28":1,"29":6,"30":1,"31":1,"32":5,"33":5,"34":5,"35":5,"36":5,"37":5,"38":5,"39":5,"40":0,"41":0,"42":3,"43":3,"44":6,"45":1,"46":5,"47":2,"48":3,"49":3,"50":3,"51":6,"52":1,"53":5,"54":5,"55":2,"56":9,"57":9,"58":9,"59":17,"60":17,"61":9,"62":9,"63":9,"64":1,"65":1,"66":1,"67":1,"68":1},"f":{"0":51,"1":30,"2":44,"3":7,"4":3,"5":3,"6":3,"7":3,"8":7,"9":3,"10":3,"11":9},"b":{"0":[0,51],"1":[21,23],"2":[0,3],"3":[4,3],"4":[1,6],"5":[1,5],"6":[5,0],"7":[1,5],"8":[1,5]},"_coverageSchema":"1a1c01bbd47fc00a2c39e90264f33305004495a9","hash":"7df07bafb2cfc02dd7f64153695d15e9b6a23bb6"}
}
