TN:
SF:data_structures/linkedlist.js
FN:2,(anonymous_0)
FN:12,(anonymous_1)
FN:23,(anonymous_2)
FN:39,(anonymous_3)
FN:49,(anonymous_4)
FN:57,(anonymous_5)
FN:65,(anonymous_6)
FN:74,(anonymous_7)
FN:88,(anonymous_8)
FN:116,(anonymous_9)
FN:129,(anonymous_10)
FN:144,(anonymous_11)
FNF:12
FNH:12
FNDA:51,(anonymous_0)
FNDA:30,(anonymous_1)
FNDA:44,(anonymous_2)
FNDA:7,(anonymous_3)
FNDA:3,(anonymous_4)
FNDA:3,(anonymous_5)
FNDA:3,(anonymous_6)
FNDA:3,(anonymous_7)
FNDA:7,(anonymous_8)
FNDA:3,(anonymous_9)
FNDA:3,(anonymous_10)
FNDA:9,(anonymous_11)
DA:3,51
DA:4,0
DA:6,51
DA:7,51
DA:13,30
DA:14,30
DA:15,30
DA:24,44
DA:25,44
DA:26,21
DA:27,21
DA:29,23
DA:30,23
DA:32,44
DA:40,7
DA:41,7
DA:50,3
DA:58,3
DA:66,3
DA:75,3
DA:76,0
DA:77,3
DA:78,3
DA:79,1
DA:80,1
DA:82,3
DA:89,7
DA:90,7
DA:91,1
DA:92,6
DA:93,1
DA:94,1
DA:96,5
DA:97,5
DA:98,5
DA:99,5
DA:100,5
DA:101,5
DA:102,5
DA:103,5
DA:105,0
DA:107,0
DA:117,3
DA:118,3
DA:119,6
DA:120,5
DA:122,2
DA:130,3
DA:131,3
DA:132,3
DA:133,6
DA:134,5
DA:135,5
DA:137,2
DA:145,9
DA:146,9
DA:147,9
DA:149,17
DA:150,17
DA:152,9
DA:153,9
DA:154,9
DA:160,1
DA:161,1
DA:162,1
DA:163,1
DA:164,1
LF:67
LH:63
BRDA:3,0,0,0
BRDA:3,0,1,51
BRDA:25,1,0,21
BRDA:25,1,1,23
BRDA:75,2,0,0
BRDA:75,2,1,3
BRDA:78,3,0,4
BRDA:78,3,1,3
BRDA:90,4,0,1
BRDA:90,4,1,6
BRDA:92,5,0,1
BRDA:92,5,1,5
BRDA:98,6,0,5
BRDA:98,6,1,0
BRDA:119,7,0,1
BRDA:119,7,1,5
BRDA:133,8,0,1
BRDA:133,8,1,5
BRF:18
BRH:15
end_of_record
